{"C:\\Users\\berke.sayin\\source\\repos\\unit-test-with-jest\\index.js": {"path":"C:\\Users\\berke.sayin\\source\\repos\\unit-test-with-jest\\index.js","statementMap":{"0":{"start":{"line":2,"column":4},"end":{"line":2,"column":23}},"1":{"start":{"line":5,"column":0},"end":{"line":7,"column":2}}},"fnMap":{"0":{"name":"sum","decl":{"start":{"line":1,"column":9},"end":{"line":1,"column":12}},"loc":{"start":{"line":1,"column":25},"end":{"line":3,"column":1}},"line":1}},"branchMap":{},"s":{"0":1,"1":1},"f":{"0":1},"b":{},"_coverageSchema":"1a1c01bbd47fc00a2c39e90264f33305004495a9","hash":"fe6d8e93285f9dbdb256ae63665c407e711ca19b"}
}
